2021-10-12 21:15:56,006 - freqtrade.loggers - INFO - Verbosity set to 0
2021-10-12 21:15:56,006 - freqtrade.configuration.configuration - INFO - Runmode set to live.
2021-10-12 21:15:56,006 - freqtrade.configuration.configuration - INFO - Parameter --db-url detected ...
2021-10-12 21:15:56,007 - freqtrade.configuration.configuration - INFO - Dry run is disabled
2021-10-12 21:15:56,007 - freqtrade.configuration.configuration - INFO - Using DB: "sqlite:////freqtrade/user_data/tradesv3.sqlite"
2021-10-12 21:15:56,007 - freqtrade.configuration.configuration - INFO - Using max_open_trades: 10 ...
2021-10-12 21:15:56,021 - freqtrade.configuration.configuration - INFO - Using user-data directory: /freqtrade/user_data ...
2021-10-12 21:15:56,022 - freqtrade.configuration.configuration - INFO - Using data directory: /freqtrade/user_data/data/kraken ...
2021-10-12 21:15:56,022 - freqtrade.configuration.check_exchange - INFO - Checking exchange...
2021-10-12 21:15:56,027 - freqtrade.configuration.check_exchange - INFO - Exchange "kraken" is officially supported by the Freqtrade development team.
2021-10-12 21:15:56,028 - freqtrade.configuration.configuration - INFO - Using pairlist from configuration.
2021-10-12 21:15:56,028 - freqtrade.freqtradebot - INFO - Starting freqtrade 2021.9
2021-10-12 21:15:56,044 - freqtrade.resolvers.iresolver - INFO - Using resolved strategy MMStrategy from '/freqtrade/user_data/strategies/strategy.py'...
2021-10-12 21:15:56,045 - freqtrade.strategy.hyper - INFO - Found no parameter file.
2021-10-12 21:15:56,045 - freqtrade.strategy.hyper - INFO - No params for buy found, using default values.
2021-10-12 21:15:56,045 - freqtrade.strategy.hyper - INFO - No params for sell found, using default values.
2021-10-12 21:15:56,046 - freqtrade.strategy.hyper - INFO - No params for protection found, using default values.
2021-10-12 21:15:56,046 - freqtrade.resolvers.strategy_resolver - INFO - Override strategy 'timeframe' with value in config file: 1h.
2021-10-12 21:15:56,047 - freqtrade.resolvers.strategy_resolver - INFO - Override strategy 'stake_currency' with value in config file: ETH.
2021-10-12 21:15:56,047 - freqtrade.resolvers.strategy_resolver - INFO - Override strategy 'stake_amount' with value in config file: 0.5.
2021-10-12 21:15:56,047 - freqtrade.resolvers.strategy_resolver - INFO - Override strategy 'unfilledtimeout' with value in config file: {'buy': 10, 'sell': 30}.
2021-10-12 21:15:56,047 - freqtrade.resolvers.strategy_resolver - INFO - Strategy using minimal_roi: {'0': 0.1}
2021-10-12 21:15:56,048 - freqtrade.resolvers.strategy_resolver - INFO - Strategy using timeframe: 1h
2021-10-12 21:15:56,048 - freqtrade.resolvers.strategy_resolver - INFO - Strategy using stoploss: -0.1
2021-10-12 21:15:56,048 - freqtrade.resolvers.strategy_resolver - INFO - Strategy using trailing_stop: True
2021-10-12 21:15:56,048 - freqtrade.resolvers.strategy_resolver - INFO - Strategy using trailing_stop_positive_offset: 0.0
2021-10-12 21:15:56,048 - freqtrade.resolvers.strategy_resolver - INFO - Strategy using trailing_only_offset_is_reached: False
2021-10-12 21:15:56,048 - freqtrade.resolvers.strategy_resolver - INFO - Strategy using use_custom_stoploss: False
2021-10-12 21:15:56,048 - freqtrade.resolvers.strategy_resolver - INFO - Strategy using process_only_new_candles: False
2021-10-12 21:15:56,049 - freqtrade.resolvers.strategy_resolver - INFO - Strategy using order_types: {'buy': 'limit', 'sell': 'limit', 'stoploss': 'limit', 'stoploss_on_exchange': False, 'stoploss_on_exchange_interval': 60}
2021-10-12 21:15:56,049 - freqtrade.resolvers.strategy_resolver - INFO - Strategy using order_time_in_force: {'buy': 'gtc', 'sell': 'gtc'}
2021-10-12 21:15:56,049 - freqtrade.resolvers.strategy_resolver - INFO - Strategy using stake_currency: ETH
2021-10-12 21:15:56,049 - freqtrade.resolvers.strategy_resolver - INFO - Strategy using stake_amount: 0.5
2021-10-12 21:15:56,049 - freqtrade.resolvers.strategy_resolver - INFO - Strategy using protections: []
2021-10-12 21:15:56,049 - freqtrade.resolvers.strategy_resolver - INFO - Strategy using startup_candle_count: 0
2021-10-12 21:15:56,049 - freqtrade.resolvers.strategy_resolver - INFO - Strategy using unfilledtimeout: {'buy': 10, 'sell': 30}
2021-10-12 21:15:56,050 - freqtrade.resolvers.strategy_resolver - INFO - Strategy using use_sell_signal: True
2021-10-12 21:15:56,050 - freqtrade.resolvers.strategy_resolver - INFO - Strategy using sell_profit_only: False
2021-10-12 21:15:56,050 - freqtrade.resolvers.strategy_resolver - INFO - Strategy using ignore_roi_if_buy_signal: False
2021-10-12 21:15:56,050 - freqtrade.resolvers.strategy_resolver - INFO - Strategy using sell_profit_offset: 0.0
2021-10-12 21:15:56,050 - freqtrade.resolvers.strategy_resolver - INFO - Strategy using disable_dataframe_checks: False
2021-10-12 21:15:56,050 - freqtrade.resolvers.strategy_resolver - INFO - Strategy using ignore_buying_expired_candle_after: 0
2021-10-12 21:15:56,050 - freqtrade.configuration.config_validation - INFO - Validating configuration ...
2021-10-12 21:15:56,055 - freqtrade.exchange.exchange - INFO - Using CCXT 1.57.3
2021-10-12 21:15:56,055 - freqtrade.exchange.exchange - INFO - Applying additional ccxt config: {'enableRateLimit': True}
2021-10-12 21:15:56,059 - freqtrade.exchange.exchange - INFO - Applying additional ccxt config: {'enableRateLimit': True, 'rateLimit': 3100}
2021-10-12 21:15:56,063 - freqtrade.exchange.exchange - INFO - Using Exchange "Kraken"
2021-10-12 21:16:02,819 - freqtrade.resolvers.exchange_resolver - INFO - Using resolved exchange 'Kraken'...
2021-10-12 21:16:06,194 - freqtrade.wallets - INFO - Wallets synced.
2021-10-12 21:16:06,194 - freqtrade.plugins.protectionmanager - INFO - No protection Handlers defined.
2021-10-12 21:16:06,508 - freqtrade.resolvers.iresolver - INFO - Using resolved pairlist StaticPairList from '/freqtrade/freqtrade/plugins/pairlist/StaticPairList.py'...
2021-10-12 21:16:06,511 - freqtrade.rpc.rpc_manager - INFO - Sending rpc message: {'type': status, 'status': 'running'}
2021-10-12 21:16:06,511 - freqtrade.worker - INFO - Changing state to: RUNNING
2021-10-12 21:16:06,511 - freqtrade.rpc.rpc_manager - INFO - Sending rpc message: {'type': startup, 'status': "*Exchange:* `kraken`\n*Stake per trade:* `0.5 ETH`\n*Minimum ROI:* `{'0': 0.1}`\n*Trailing Stoploss:* `-0.1`\n*Timeframe:* `1h`\n*Strategy:* `MMStrategy`"}
2021-10-12 21:16:06,511 - freqtrade.rpc.rpc_manager - INFO - Sending rpc message: {'type': startup, 'status': "Searching for ETH pairs to buy and sell based on [{'StaticPairList': 'StaticPairList'}]"}
2021-10-12 21:16:06,527 - freqtrade.freqtradebot - INFO - Updating 0 open orders.
2021-10-12 21:16:16,485 - freqtrade.worker - INFO - Bot heartbeat. PID=1, version='2021.9', state='RUNNING'
2021-10-12 21:17:16,542 - freqtrade.worker - INFO - Bot heartbeat. PID=1, version='2021.9', state='RUNNING'
2021-10-12 21:18:16,603 - freqtrade.worker - INFO - Bot heartbeat. PID=1, version='2021.9', state='RUNNING'
2021-10-12 21:19:16,661 - freqtrade.worker - INFO - Bot heartbeat. PID=1, version='2021.9', state='RUNNING'
2021-10-12 21:20:16,714 - freqtrade.worker - INFO - Bot heartbeat. PID=1, version='2021.9', state='RUNNING'
2021-10-12 21:21:16,776 - freqtrade.worker - INFO - Bot heartbeat. PID=1, version='2021.9', state='RUNNING'
